-------------------------------------------------------------------------------
Test set: com.example.springboot_unit_testing.controller.UserControllerTest
-------------------------------------------------------------------------------
Tests run: 4, Failures: 1, Errors: 0, Skipped: 0, Time elapsed: 5.606 s <<< FAILURE! -- in com.example.springboot_unit_testing.controller.UserControllerTest
com.example.springboot_unit_testing.controller.UserControllerTest.createUser_ShouldReturnBadRequest_WhenUserIsInvalid -- Time elapsed: 0.078 s <<< FAILURE!
java.lang.AssertionError: Status expected:<400> but was:<201>
	at org.springframework.test.util.AssertionErrors.fail(AssertionErrors.java:59)
	at org.springframework.test.util.AssertionErrors.assertEquals(AssertionErrors.java:122)
	at org.springframework.test.web.servlet.result.StatusResultMatchers.lambda$matcher$9(StatusResultMatchers.java:637)
	at org.springframework.test.web.servlet.MockMvc$1.andExpect(MockMvc.java:214)
	at com.example.springboot_unit_testing.controller.UserControllerTest.createUser_ShouldReturnBadRequest_WhenUserIsInvalid(UserControllerTest.java:75)
	at java.base/java.lang.reflect.Method.invoke(Method.java:580)
	at java.base/java.util.ArrayList.forEach(ArrayList.java:1596)
	at java.base/java.util.ArrayList.forEach(ArrayList.java:1596)

